e:\code\test\imageprocesstool\imageprocesstool\x64\debug\vc140.pdb
e:\code\test\imageprocesstool\imageprocesstool\x64\debug\util.obj
e:\code\test\imageprocesstool\imageprocesstool\x64\debug\proc.obj
e:\code\test\imageprocesstool\imageprocesstool\x64\debug\main.obj
e:\code\test\imageprocesstool\imageprocesstool\x64\debug\imageprocesstool.obj
e:\code\test\imageprocesstool\imageprocesstool\x64\debug\moc_imageprocesstool.obj
e:\code\test\imageprocesstool\imageprocesstool\x64\debug\qrc_imageprocesstool.obj
e:\code\test\imageprocesstool\imageprocesstool\x64\debug\qimagelabel.obj
e:\code\test\imageprocesstool\imageprocesstool\x64\debug\myqimagelabel.obj
e:\code\test\imageprocesstool\imageprocesstool\x64\debug\moc_qimagelabel.obj
e:\code\test\imageprocesstool\imageprocesstool\x64\debug\moc_myqimagelabel.obj
e:\code\test\imageprocesstool\imageprocesstool\generatedfiles\ui_imageprocesstool.h
e:\code\test\imageprocesstool\imageprocesstool\generatedfiles\qrc_imageprocesstool.cpp
e:\code\test\imageprocesstool\imageprocesstool\generatedfiles\debug\moc_myqimagelabel.cpp
e:\code\test\imageprocesstool\imageprocesstool\generatedfiles\debug\moc_imageprocesstool.cpp
e:\code\test\imageprocesstool\imageprocesstool\generatedfiles\debug\moc_qimagelabel.cpp
e:\code\test\imageprocesstool\x64\debug\imageprocesstool.ilk
e:\code\test\imageprocesstool\x64\debug\imageprocesstool.exe
e:\code\test\imageprocesstool\x64\debug\imageprocesstool.pdb
e:\code\test\imageprocesstool\imageprocesstool\x64\debug\imageprocesstool.tlog\cl.command.1.tlog
e:\code\test\imageprocesstool\imageprocesstool\x64\debug\imageprocesstool.tlog\cl.read.1.tlog
e:\code\test\imageprocesstool\imageprocesstool\x64\debug\imageprocesstool.tlog\cl.write.1.tlog
e:\code\test\imageprocesstool\imageprocesstool\x64\debug\imageprocesstool.tlog\custombuild.command.1.tlog
e:\code\test\imageprocesstool\imageprocesstool\x64\debug\imageprocesstool.tlog\custombuild.read.1.tlog
e:\code\test\imageprocesstool\imageprocesstool\x64\debug\imageprocesstool.tlog\custombuild.write.1.tlog
e:\code\test\imageprocesstool\imageprocesstool\x64\debug\imageprocesstool.tlog\link-cvtres.read.1.tlog
e:\code\test\imageprocesstool\imageprocesstool\x64\debug\imageprocesstool.tlog\link-cvtres.write.1.tlog
e:\code\test\imageprocesstool\imageprocesstool\x64\debug\imageprocesstool.tlog\link-rc.read.1.tlog
e:\code\test\imageprocesstool\imageprocesstool\x64\debug\imageprocesstool.tlog\link-rc.write.1.tlog
e:\code\test\imageprocesstool\imageprocesstool\x64\debug\imageprocesstool.tlog\link.9248-cvtres.read.1.tlog
e:\code\test\imageprocesstool\imageprocesstool\x64\debug\imageprocesstool.tlog\link.9248-cvtres.write.1.tlog
e:\code\test\imageprocesstool\imageprocesstool\x64\debug\imageprocesstool.tlog\link.9248-rc.read.1.tlog
e:\code\test\imageprocesstool\imageprocesstool\x64\debug\imageprocesstool.tlog\link.9248-rc.write.1.tlog
e:\code\test\imageprocesstool\imageprocesstool\x64\debug\imageprocesstool.tlog\link.9248.read.1.tlog
e:\code\test\imageprocesstool\imageprocesstool\x64\debug\imageprocesstool.tlog\link.9248.write.1.tlog
e:\code\test\imageprocesstool\imageprocesstool\x64\debug\imageprocesstool.tlog\link.command.1.tlog
e:\code\test\imageprocesstool\imageprocesstool\x64\debug\imageprocesstool.tlog\link.read.1.tlog
e:\code\test\imageprocesstool\imageprocesstool\x64\debug\imageprocesstool.tlog\link.write.1.tlog
